<?xml version="1.0" encoding="UTF-8"?>
<!-- Generated by org.testng.reporters.JUnitXMLReporter -->
<testsuite ignored="0" hostname="LAPTOP-EGEB09FU" failures="1" tests="2" name="Regression" time="5.095" errors="0" timestamp="2022-05-10T22:01:02 EDT">
  <testcase classname="piit.AutomationTrainingProgram.Browser" name="@AfterClass afterClass" time="0.0">
    <failure type="java.lang.NullPointerException">
      <![CDATA[java.lang.NullPointerException
at piit.AutomationTrainingProgram.Browser.afterClass(Browser.java:52)
at java.base/java.util.ArrayList.forEach(ArrayList.java:1541)
... Removed 25 stack frames]]>
    </failure>
  </testcase> <!-- @AfterClass afterClass -->
  <testcase classname="piit.AutomationTrainingProgram.Browser" name="f" time="0.011">
    <failure type="java.lang.NullPointerException">
      <![CDATA[java.lang.NullPointerException
at piit.AutomationTrainingProgram.Browser.f(Browser.java:26)
at java.base/java.util.ArrayList.forEach(ArrayList.java:1541)
... Removed 27 stack frames]]>
    </failure>
  </testcase> <!-- f -->
  <testcase classname="piit.AutomationTrainingProgram.Browsered" name="f" time="0.417"/>
</testsuite> <!-- Regression -->
